<?xml version="1.0" encoding="UTF-8"?>
<testsuite name="com.prueba.prueba.PruebaApplicationTests" tests="1" skipped="0" failures="0" errors="0" timestamp="2021-06-25T04:31:59" hostname="DESKTOP-O020RBF" time="0.324">
  <properties/>
  <testcase name="contextLoads()" classname="com.prueba.prueba.PruebaApplicationTests" time="0.324"/>
  <system-out><![CDATA[23:31:57.637 [Test worker] DEBUG org.springframework.test.context.BootstrapUtils - Instantiating CacheAwareContextLoaderDelegate from class [org.springframework.test.context.cache.DefaultCacheAwareContextLoaderDelegate]
23:31:57.648 [Test worker] DEBUG org.springframework.test.context.BootstrapUtils - Instantiating BootstrapContext using constructor [public org.springframework.test.context.support.DefaultBootstrapContext(java.lang.Class,org.springframework.test.context.CacheAwareContextLoaderDelegate)]
23:31:57.677 [Test worker] DEBUG org.springframework.test.context.BootstrapUtils - Instantiating TestContextBootstrapper for test class [com.prueba.prueba.PruebaApplicationTests] from class [org.springframework.boot.test.context.SpringBootTestContextBootstrapper]
23:31:57.687 [Test worker] INFO org.springframework.boot.test.context.SpringBootTestContextBootstrapper - Neither @ContextConfiguration nor @ContextHierarchy found for test class [com.prueba.prueba.PruebaApplicationTests], using SpringBootContextLoader
23:31:57.690 [Test worker] DEBUG org.springframework.test.context.support.AbstractContextLoader - Did not detect default resource location for test class [com.prueba.prueba.PruebaApplicationTests]: class path resource [com/prueba/prueba/PruebaApplicationTests-context.xml] does not exist
23:31:57.691 [Test worker] DEBUG org.springframework.test.context.support.AbstractContextLoader - Did not detect default resource location for test class [com.prueba.prueba.PruebaApplicationTests]: class path resource [com/prueba/prueba/PruebaApplicationTestsContext.groovy] does not exist
23:31:57.691 [Test worker] INFO org.springframework.test.context.support.AbstractContextLoader - Could not detect default resource locations for test class [com.prueba.prueba.PruebaApplicationTests]: no resource found for suffixes {-context.xml, Context.groovy}.
23:31:57.692 [Test worker] INFO org.springframework.test.context.support.AnnotationConfigContextLoaderUtils - Could not detect default configuration classes for test class [com.prueba.prueba.PruebaApplicationTests]: PruebaApplicationTests does not declare any static, non-private, non-final, nested classes annotated with @Configuration.
23:31:57.739 [Test worker] DEBUG org.springframework.test.context.support.ActiveProfilesUtils - Could not find an 'annotation declaring class' for annotation type [org.springframework.test.context.ActiveProfiles] and class [com.prueba.prueba.PruebaApplicationTests]
23:31:57.803 [Test worker] DEBUG org.springframework.context.annotation.ClassPathScanningCandidateComponentProvider - Identified candidate component class: file [C:\Users\ASUS\Videos\Prueba\build\classes\java\main\com\prueba\prueba\PruebaApplication.class]
23:31:57.804 [Test worker] INFO org.springframework.boot.test.context.SpringBootTestContextBootstrapper - Found @SpringBootConfiguration com.prueba.prueba.PruebaApplication for test class com.prueba.prueba.PruebaApplicationTests
23:31:57.898 [Test worker] DEBUG org.springframework.boot.test.context.SpringBootTestContextBootstrapper - @TestExecutionListeners is not present for class [com.prueba.prueba.PruebaApplicationTests]: using defaults.
23:31:57.899 [Test worker] INFO org.springframework.boot.test.context.SpringBootTestContextBootstrapper - Loaded default TestExecutionListener class names from location [META-INF/spring.factories]: [org.springframework.boot.test.autoconfigure.restdocs.RestDocsTestExecutionListener, org.springframework.boot.test.autoconfigure.web.client.MockRestServiceServerResetTestExecutionListener, org.springframework.boot.test.autoconfigure.web.servlet.MockMvcPrintOnlyOnFailureTestExecutionListener, org.springframework.boot.test.autoconfigure.web.servlet.WebDriverTestExecutionListener, org.springframework.boot.test.autoconfigure.webservices.client.MockWebServiceServerTestExecutionListener, org.springframework.boot.test.mock.mockito.MockitoTestExecutionListener, org.springframework.boot.test.mock.mockito.ResetMocksTestExecutionListener, org.springframework.test.context.web.ServletTestExecutionListener, org.springframework.test.context.support.DirtiesContextBeforeModesTestExecutionListener, org.springframework.test.context.event.ApplicationEventsTestExecutionListener, org.springframework.test.context.support.DependencyInjectionTestExecutionListener, org.springframework.test.context.support.DirtiesContextTestExecutionListener, org.springframework.test.context.transaction.TransactionalTestExecutionListener, org.springframework.test.context.jdbc.SqlScriptsTestExecutionListener, org.springframework.test.context.event.EventPublishingTestExecutionListener]
23:31:57.912 [Test worker] DEBUG org.springframework.boot.test.context.SpringBootTestContextBootstrapper - Skipping candidate TestExecutionListener [org.springframework.test.context.transaction.TransactionalTestExecutionListener] due to a missing dependency. Specify custom listener classes or make the default listener classes and their required dependencies available. Offending class: [org/springframework/transaction/interceptor/TransactionAttributeSource]
23:31:57.912 [Test worker] DEBUG org.springframework.boot.test.context.SpringBootTestContextBootstrapper - Skipping candidate TestExecutionListener [org.springframework.test.context.jdbc.SqlScriptsTestExecutionListener] due to a missing dependency. Specify custom listener classes or make the default listener classes and their required dependencies available. Offending class: [org/springframework/transaction/interceptor/TransactionAttribute]
23:31:57.912 [Test worker] INFO org.springframework.boot.test.context.SpringBootTestContextBootstrapper - Using TestExecutionListeners: [org.springframework.test.context.web.ServletTestExecutionListener@5ff0eca0, org.springframework.test.context.support.DirtiesContextBeforeModesTestExecutionListener@6b8996d1, org.springframework.test.context.event.ApplicationEventsTestExecutionListener@6d2c6c26, org.springframework.boot.test.mock.mockito.MockitoTestExecutionListener@18a2a87, org.springframework.boot.test.autoconfigure.SpringBootDependencyInjectionTestExecutionListener@594743fa, org.springframework.test.context.support.DirtiesContextTestExecutionListener@7edf791d, org.springframework.test.context.event.EventPublishingTestExecutionListener@709c67bc, org.springframework.boot.test.autoconfigure.restdocs.RestDocsTestExecutionListener@2092a53a, org.springframework.boot.test.autoconfigure.web.client.MockRestServiceServerResetTestExecutionListener@43297a41, org.springframework.boot.test.autoconfigure.web.servlet.MockMvcPrintOnlyOnFailureTestExecutionListener@46bbf4a8, org.springframework.boot.test.autoconfigure.web.servlet.WebDriverTestExecutionListener@5589ca44, org.springframework.boot.test.autoconfigure.webservices.client.MockWebServiceServerTestExecutionListener@60070eba, org.springframework.boot.test.mock.mockito.ResetMocksTestExecutionListener@68f48b89]
23:31:57.917 [Test worker] DEBUG org.springframework.test.context.support.AbstractDirtiesContextTestExecutionListener - Before test class: context [DefaultTestContext@695102fa testClass = PruebaApplicationTests, testInstance = [null], testMethod = [null], testException = [null], mergedContextConfiguration = [WebMergedContextConfiguration@6d2cc2b7 testClass = PruebaApplicationTests, locations = '{}', classes = '{class com.prueba.prueba.PruebaApplication}', contextInitializerClasses = '[]', activeProfiles = '{}', propertySourceLocations = '{}', propertySourceProperties = '{org.springframework.boot.test.context.SpringBootTestContextBootstrapper=true}', contextCustomizers = set[org.springframework.boot.test.autoconfigure.actuate.metrics.MetricsExportContextCustomizerFactory$DisableMetricExportContextCustomizer@4e597dd, org.springframework.boot.test.autoconfigure.properties.PropertyMappingContextCustomizer@0, org.springframework.boot.test.autoconfigure.web.servlet.WebDriverContextCustomizerFactory$Customizer@245bd97e, org.springframework.boot.test.context.filter.ExcludeFilterContextCustomizer@5f9fff6f, org.springframework.boot.test.json.DuplicateJsonObjectContextCustomizerFactory$DuplicateJsonObjectContextCustomizer@13a7305c, org.springframework.boot.test.mock.mockito.MockitoContextCustomizer@0, org.springframework.boot.test.web.client.TestRestTemplateContextCustomizer@36d65edc, org.springframework.boot.test.context.SpringBootTestArgs@1, org.springframework.boot.test.context.SpringBootTestWebEnvironment@56c61b67], resourceBasePath = 'src/main/webapp', contextLoader = 'org.springframework.boot.test.context.SpringBootContextLoader', parent = [null]], attributes = map['org.springframework.test.context.web.ServletTestExecutionListener.activateListener' -> true]], class annotated with @DirtiesContext [false] with mode [null].
23:31:57.944 [Test worker] DEBUG org.springframework.test.context.support.TestPropertySourceUtils - Adding inlined properties to environment: {spring.jmx.enabled=false, org.springframework.boot.test.context.SpringBootTestContextBootstrapper=true}

  .   ____          _            __ _ _
 /\\ / ___'_ __ _ _(_)_ __  __ _ \ \ \ \
( ( )\___ | '_ | '_| | '_ \/ _` | \ \ \ \
 \\/  ___)| |_)| | | | | || (_| |  ) ) ) )
  '  |____| .__|_| |_|_| |_\__, | / / / /
 =========|_|==============|___/=/_/_/_/
 :: Spring Boot ::                (v2.5.1)

2021-06-24 23:31:58.201  INFO 14880 --- [    Test worker] c.prueba.prueba.PruebaApplicationTests   : Starting PruebaApplicationTests using Java 11.0.11 on DESKTOP-O020RBF with PID 14880 (started by ASUS in C:\Users\ASUS\Videos\Prueba)
2021-06-24 23:31:58.205  INFO 14880 --- [    Test worker] c.prueba.prueba.PruebaApplicationTests   : No active profile set, falling back to default profiles: default
2021-06-24 23:31:58.904  INFO 14880 --- [    Test worker] trationDelegate$BeanPostProcessorChecker : Bean 'org.springframework.ws.config.annotation.DelegatingWsConfiguration' of type [org.springframework.ws.config.annotation.DelegatingWsConfiguration$$EnhancerBySpringCGLIB$$88224f6] is not eligible for getting processed by all BeanPostProcessors (for example: not eligible for auto-proxying)
2021-06-24 23:31:58.964  INFO 14880 --- [    Test worker] .w.s.a.s.AnnotationActionEndpointMapping : Supporting [WS-Addressing August 2004, WS-Addressing 1.0]
2021-06-24 23:31:59.124  INFO 14880 --- [    Test worker] o.s.ws.soap.saaj.SaajSoapMessageFactory  : Creating SAAJ 1.3 MessageFactory with SOAP 1.1 Protocol
2021-06-24 23:31:59.906  INFO 14880 --- [    Test worker] c.prueba.prueba.PruebaApplicationTests   : Started PruebaApplicationTests in 1.955 seconds (JVM running for 3.096)
]]></system-out>
  <system-err><![CDATA[]]></system-err>
</testsuite>
